<html>
<head>
<title>TestNG:  Test0</title>
<link href="../testng.css" rel="stylesheet" type="text/css" />
<link href="../my-testng.css" rel="stylesheet" type="text/css" />

<style type="text/css">
.log { display: none;} 
.stack-trace { display: none;} 
</style>
<script type="text/javascript">
<!--
function flip(e) {
  current = e.style.display;
  if (current == 'block') {
    e.style.display = 'none';
    return 0;
  }
  else {
    e.style.display = 'block';
    return 1;
  }
}

function toggleBox(szDivId, elem, msg1, msg2)
{
  var res = -1;  if (document.getElementById) {
    res = flip(document.getElementById(szDivId));
  }
  else if (document.all) {
    // this is the way old msie versions work
    res = flip(document.all[szDivId]);
  }
  if(elem) {
    if(res == 0) elem.innerHTML = msg1; else elem.innerHTML = msg2;
  }

}

function toggleAllBoxes() {
  if (document.getElementsByTagName) {
    d = document.getElementsByTagName('div');
    for (i = 0; i < d.length; i++) {
      if (d[i].className == 'log') {
        flip(d[i]);
      }
    }
  }
}

// -->
</script>

</head>
<body>
<h2 align='center'>Test0</h2><table border='1' align="center">
<tr>
<td>Tests passed/Failed/Skipped:</td><td>9/5/0</td>
</tr><tr>
<td>Started on:</td><td>Thu Feb 01 15:20:37 IST 2024</td>
</tr>
<tr><td>Total time:</td><td>88 seconds (88469 ms)</td>
</tr><tr>
<td>Included groups:</td><td></td>
</tr><tr>
<td>Excluded groups:</td><td></td>
</tr>
</table><p/>
<small><i>(Hover the method name to see the test class name)</i></small><p/>
<table width='100%' border='1' class='invocation-failed'>
<tr><td colspan='4' align='center'><b>FAILED TESTS</b></td></tr>
<tr><td><b>Test method</b></td>
<td width="30%"><b>Exception</b></td>
<td width="10%"><b>Time (seconds)</b></td>
<td><b>Instance</b></td>
</tr>
<tr>
<td title='Serien.SerienLive.LoginPageTest.ValidateEmailFieldWithoutAddingAnyDataIntoInEmailTextFiled()'><b>ValidateEmailFieldWithoutAddingAnyDataIntoInEmailTextFiled</b><br>Test class: Serien.SerienLive.LoginPageTest<br>Parameters: {InvalideCredentionalErrorMessages=Enter valid Credentials, err=Inavlid Email, pass=123456, //////////=/////////////////dfgdfgndfgg, PageTitle=Serein's Inc – Culture and Compliance, capitalEmail=OMKAR@Krishworks.CoM, noDataInEmial=, LoginURL=https://sereindevweb.kdev.co.in/, invalidePass=abcd, valideEmail=omkar@krishworks.com, ValidePass=password, extraSpaceEmail=  omkar@krishworks.com  , invalideEmail=rockey@gmail.com, email=om1@gmail.com}</td>
<td><div><pre>org.openqa.selenium.TimeoutException: Expected condition failed: waiting for visibility of [[ChromeDriver: chrome on linux (65778dc4c54fdd6fcc775fe76ba94f17)] -&gt; xpath: //div/span[1]] (tried for 5 second(s) with 500 milliseconds interval)
Build info: version: &apos;4.10.0&apos;, revision: &apos;c14d967899&apos;
System info: os.name: &apos;Linux&apos;, os.arch: &apos;amd64&apos;, os.version: &apos;6.2.0-36-generic&apos;, java.version: &apos;17.0.6&apos;
Driver info: org.openqa.selenium.chrome.ChromeDriver
Capabilities {acceptInsecureCerts: false, browserName: chrome, browserVersion: 119.0.6045.105, chrome: {chromedriverVersion: 119.0.6045.105 (38c72552c5e..., userDataDir: /tmp/.org.chromium.Chromium...}, fedcm:accounts: true, goog:chromeOptions: {debuggerAddress: localhost:42349}, networkConnectionEnabled: false, pageLoadStrategy: normal, platformName: linux, proxy: Proxy(), se:cdp: ws://localhost:42349/devtoo..., se:cdpVersion: 119.0.6045.105, setWindowRect: true, strictFileInteractability: false, timeouts: {implicit: 0, pageLoad: 300000, script: 30000}, unhandledPromptBehavior: dismiss and notify, webauthn:extension:credBlob: true, webauthn:extension:largeBlob: true, webauthn:extension:minPinLength: true, webauthn:extension:prf: true, webauthn:virtualAuthenticators: true}
Session ID: 65778dc4c54fdd6fcc775fe76ba94f17
	at org.openqa.selenium.support.ui.WebDriverWait.timeoutException(WebDriverWait.java:84)
	at org.openqa.selenium.support.ui.FluentWait.until(FluentWait.java:230)
	at Serien.AbstractComponents.abstractReusable.waitForWebElementTOApper(abstractReusable.java:40)
	at Serien.SerienLive.LoginPage.ErrorMessage(LoginPage.java:83)
	at Serien.SerienLive.LoginPageTest.ValidateEmailFieldWithoutAddingAnyDataIntoInEmailTextFiled(LoginPageTest.java:104)
... Removed 25 stack frames</pre></div><a href='#' onClick='toggleBox("stack-trace757386713", this, "Click to show all stack frames", "Click to hide stack frames")'>Click to show all stack frames</a>
<div class='stack-trace' id='stack-trace757386713'><pre>org.openqa.selenium.TimeoutException: Expected condition failed: waiting for visibility of [[ChromeDriver: chrome on linux (65778dc4c54fdd6fcc775fe76ba94f17)] -&gt; xpath: //div/span[1]] (tried for 5 second(s) with 500 milliseconds interval)
Build info: version: &apos;4.10.0&apos;, revision: &apos;c14d967899&apos;
System info: os.name: &apos;Linux&apos;, os.arch: &apos;amd64&apos;, os.version: &apos;6.2.0-36-generic&apos;, java.version: &apos;17.0.6&apos;
Driver info: org.openqa.selenium.chrome.ChromeDriver
Capabilities {acceptInsecureCerts: false, browserName: chrome, browserVersion: 119.0.6045.105, chrome: {chromedriverVersion: 119.0.6045.105 (38c72552c5e..., userDataDir: /tmp/.org.chromium.Chromium...}, fedcm:accounts: true, goog:chromeOptions: {debuggerAddress: localhost:42349}, networkConnectionEnabled: false, pageLoadStrategy: normal, platformName: linux, proxy: Proxy(), se:cdp: ws://localhost:42349/devtoo..., se:cdpVersion: 119.0.6045.105, setWindowRect: true, strictFileInteractability: false, timeouts: {implicit: 0, pageLoad: 300000, script: 30000}, unhandledPromptBehavior: dismiss and notify, webauthn:extension:credBlob: true, webauthn:extension:largeBlob: true, webauthn:extension:minPinLength: true, webauthn:extension:prf: true, webauthn:virtualAuthenticators: true}
Session ID: 65778dc4c54fdd6fcc775fe76ba94f17
	at org.openqa.selenium.support.ui.WebDriverWait.timeoutException(WebDriverWait.java:84)
	at org.openqa.selenium.support.ui.FluentWait.until(FluentWait.java:230)
	at Serien.AbstractComponents.abstractReusable.waitForWebElementTOApper(abstractReusable.java:40)
	at Serien.SerienLive.LoginPage.ErrorMessage(LoginPage.java:83)
	at Serien.SerienLive.LoginPageTest.ValidateEmailFieldWithoutAddingAnyDataIntoInEmailTextFiled(LoginPageTest.java:104)
	at java.base/jdk.internal.reflect.NativeMethodAccessorImpl.invoke0(Native Method)
	at java.base/jdk.internal.reflect.NativeMethodAccessorImpl.invoke(NativeMethodAccessorImpl.java:77)
	at java.base/jdk.internal.reflect.DelegatingMethodAccessorImpl.invoke(DelegatingMethodAccessorImpl.java:43)
	at java.base/java.lang.reflect.Method.invoke(Method.java:568)
	at org.testng.internal.MethodInvocationHelper.invokeMethod(MethodInvocationHelper.java:124)
	at org.testng.internal.Invoker.invokeMethod(Invoker.java:583)
	at org.testng.internal.Invoker.invokeTestMethod(Invoker.java:719)
	at org.testng.internal.Invoker.invokeTestMethods(Invoker.java:989)
	at org.testng.internal.TestMethodWorker.invokeTestMethods(TestMethodWorker.java:125)
	at org.testng.internal.TestMethodWorker.run(TestMethodWorker.java:109)
	at org.testng.TestRunner.privateRun(TestRunner.java:648)
	at org.testng.TestRunner.run(TestRunner.java:505)
	at org.testng.SuiteRunner.runTest(SuiteRunner.java:455)
	at org.testng.SuiteRunner.runSequentially(SuiteRunner.java:450)
	at org.testng.SuiteRunner.privateRun(SuiteRunner.java:415)
	at org.testng.SuiteRunner.run(SuiteRunner.java:364)
	at org.testng.SuiteRunnerWorker.runSuite(SuiteRunnerWorker.java:52)
	at org.testng.SuiteRunnerWorker.run(SuiteRunnerWorker.java:84)
	at org.testng.TestNG.runSuitesSequentially(TestNG.java:1208)
	at org.testng.TestNG.runSuitesLocally(TestNG.java:1137)
	at org.testng.TestNG.runSuites(TestNG.java:1049)
	at org.testng.TestNG.run(TestNG.java:1017)
	at org.testng.remote.AbstractRemoteTestNG.run(AbstractRemoteTestNG.java:115)
	at org.testng.remote.RemoteTestNG.initAndRun(RemoteTestNG.java:251)
	at org.testng.remote.RemoteTestNG.main(RemoteTestNG.java:77)
</pre></div></td>
<td>7</td>
<td>Serien.SerienLive.LoginPageTest@1e1d3956</td></tr>
<tr>
<td title='Serien.SerienLive.LoginPageTest.ValidateInEmailAndPasswordInvalideCredentials()'><b>ValidateInEmailAndPasswordInvalideCredentials</b><br>Test class: Serien.SerienLive.LoginPageTest<br>Parameters: {InvalideCredentionalErrorMessages=Enter valid Credentials, err=Inavlid Email, pass=123456, //////////=/////////////////dfgdfgndfgg, PageTitle=Serein's Inc – Culture and Compliance, capitalEmail=OMKAR@Krishworks.CoM, noDataInEmial=, LoginURL=https://sereindevweb.kdev.co.in/, invalidePass=abcd, valideEmail=omkar@krishworks.com, ValidePass=password, extraSpaceEmail=  omkar@krishworks.com  , invalideEmail=rockey@gmail.com, email=om1@gmail.com}</td>
<td><div><pre>java.lang.AssertionError: expected [true] but found [false]
	at Serien.SerienLive.LoginPageTest.ValidateInEmailAndPasswordInvalideCredentials(LoginPageTest.java:41)
... Removed 29 stack frames</pre></div><a href='#' onClick='toggleBox("stack-trace1428815684", this, "Click to show all stack frames", "Click to hide stack frames")'>Click to show all stack frames</a>
<div class='stack-trace' id='stack-trace1428815684'><pre>java.lang.AssertionError: expected [true] but found [false]
	at org.testng.Assert.fail(Assert.java:96)
	at org.testng.Assert.failNotEquals(Assert.java:776)
	at org.testng.Assert.assertTrue(Assert.java:44)
	at org.testng.Assert.assertTrue(Assert.java:54)
	at Serien.SerienLive.LoginPageTest.ValidateInEmailAndPasswordInvalideCredentials(LoginPageTest.java:41)
	at java.base/jdk.internal.reflect.NativeMethodAccessorImpl.invoke0(Native Method)
	at java.base/jdk.internal.reflect.NativeMethodAccessorImpl.invoke(NativeMethodAccessorImpl.java:77)
	at java.base/jdk.internal.reflect.DelegatingMethodAccessorImpl.invoke(DelegatingMethodAccessorImpl.java:43)
	at java.base/java.lang.reflect.Method.invoke(Method.java:568)
	at org.testng.internal.MethodInvocationHelper.invokeMethod(MethodInvocationHelper.java:124)
	at org.testng.internal.Invoker.invokeMethod(Invoker.java:583)
	at org.testng.internal.Invoker.invokeTestMethod(Invoker.java:719)
	at org.testng.internal.Invoker.invokeTestMethods(Invoker.java:989)
	at org.testng.internal.TestMethodWorker.invokeTestMethods(TestMethodWorker.java:125)
	at org.testng.internal.TestMethodWorker.run(TestMethodWorker.java:109)
	at org.testng.TestRunner.privateRun(TestRunner.java:648)
	at org.testng.TestRunner.run(TestRunner.java:505)
	at org.testng.SuiteRunner.runTest(SuiteRunner.java:455)
	at org.testng.SuiteRunner.runSequentially(SuiteRunner.java:450)
	at org.testng.SuiteRunner.privateRun(SuiteRunner.java:415)
	at org.testng.SuiteRunner.run(SuiteRunner.java:364)
	at org.testng.SuiteRunnerWorker.runSuite(SuiteRunnerWorker.java:52)
	at org.testng.SuiteRunnerWorker.run(SuiteRunnerWorker.java:84)
	at org.testng.TestNG.runSuitesSequentially(TestNG.java:1208)
	at org.testng.TestNG.runSuitesLocally(TestNG.java:1137)
	at org.testng.TestNG.runSuites(TestNG.java:1049)
	at org.testng.TestNG.run(TestNG.java:1017)
	at org.testng.remote.AbstractRemoteTestNG.run(AbstractRemoteTestNG.java:115)
	at org.testng.remote.RemoteTestNG.initAndRun(RemoteTestNG.java:251)
	at org.testng.remote.RemoteTestNG.main(RemoteTestNG.java:77)
</pre></div></td>
<td>3</td>
<td>Serien.SerienLive.LoginPageTest@1e1d3956</td></tr>
<tr>
<td title='Serien.SerienLive.LoginPageTest.ValidatePasswordFieldWithoutEnteringThePasswordInThePasswordField()'><b>ValidatePasswordFieldWithoutEnteringThePasswordInThePasswordField</b><br>Test class: Serien.SerienLive.LoginPageTest<br>Parameters: {InvalideCredentionalErrorMessages=Enter valid Credentials, err=Inavlid Email, pass=123456, //////////=/////////////////dfgdfgndfgg, PageTitle=Serein's Inc – Culture and Compliance, capitalEmail=OMKAR@Krishworks.CoM, noDataInEmial=, LoginURL=https://sereindevweb.kdev.co.in/, invalidePass=abcd, valideEmail=omkar@krishworks.com, ValidePass=password, extraSpaceEmail=  omkar@krishworks.com  , invalideEmail=rockey@gmail.com, email=om1@gmail.com}</td>
<td><div><pre>org.openqa.selenium.TimeoutException: Expected condition failed: waiting for visibility of [[ChromeDriver: chrome on linux (2e110600748ba697475fe3f568f4a39f)] -&gt; xpath: //div/span[1]] (tried for 5 second(s) with 500 milliseconds interval)
Build info: version: &apos;4.10.0&apos;, revision: &apos;c14d967899&apos;
System info: os.name: &apos;Linux&apos;, os.arch: &apos;amd64&apos;, os.version: &apos;6.2.0-36-generic&apos;, java.version: &apos;17.0.6&apos;
Driver info: org.openqa.selenium.chrome.ChromeDriver
Capabilities {acceptInsecureCerts: false, browserName: chrome, browserVersion: 119.0.6045.105, chrome: {chromedriverVersion: 119.0.6045.105 (38c72552c5e..., userDataDir: /tmp/.org.chromium.Chromium...}, fedcm:accounts: true, goog:chromeOptions: {debuggerAddress: localhost:34465}, networkConnectionEnabled: false, pageLoadStrategy: normal, platformName: linux, proxy: Proxy(), se:cdp: ws://localhost:34465/devtoo..., se:cdpVersion: 119.0.6045.105, setWindowRect: true, strictFileInteractability: false, timeouts: {implicit: 0, pageLoad: 300000, script: 30000}, unhandledPromptBehavior: dismiss and notify, webauthn:extension:credBlob: true, webauthn:extension:largeBlob: true, webauthn:extension:minPinLength: true, webauthn:extension:prf: true, webauthn:virtualAuthenticators: true}
Session ID: 2e110600748ba697475fe3f568f4a39f
	at org.openqa.selenium.support.ui.WebDriverWait.timeoutException(WebDriverWait.java:84)
	at org.openqa.selenium.support.ui.FluentWait.until(FluentWait.java:230)
	at Serien.AbstractComponents.abstractReusable.waitForWebElementTOApper(abstractReusable.java:40)
	at Serien.SerienLive.LoginPage.ErrorMessage(LoginPage.java:83)
	at Serien.SerienLive.LoginPageTest.ValidatePasswordFieldWithoutEnteringThePasswordInThePasswordField(LoginPageTest.java:113)
... Removed 25 stack frames</pre></div><a href='#' onClick='toggleBox("stack-trace1113284578", this, "Click to show all stack frames", "Click to hide stack frames")'>Click to show all stack frames</a>
<div class='stack-trace' id='stack-trace1113284578'><pre>org.openqa.selenium.TimeoutException: Expected condition failed: waiting for visibility of [[ChromeDriver: chrome on linux (2e110600748ba697475fe3f568f4a39f)] -&gt; xpath: //div/span[1]] (tried for 5 second(s) with 500 milliseconds interval)
Build info: version: &apos;4.10.0&apos;, revision: &apos;c14d967899&apos;
System info: os.name: &apos;Linux&apos;, os.arch: &apos;amd64&apos;, os.version: &apos;6.2.0-36-generic&apos;, java.version: &apos;17.0.6&apos;
Driver info: org.openqa.selenium.chrome.ChromeDriver
Capabilities {acceptInsecureCerts: false, browserName: chrome, browserVersion: 119.0.6045.105, chrome: {chromedriverVersion: 119.0.6045.105 (38c72552c5e..., userDataDir: /tmp/.org.chromium.Chromium...}, fedcm:accounts: true, goog:chromeOptions: {debuggerAddress: localhost:34465}, networkConnectionEnabled: false, pageLoadStrategy: normal, platformName: linux, proxy: Proxy(), se:cdp: ws://localhost:34465/devtoo..., se:cdpVersion: 119.0.6045.105, setWindowRect: true, strictFileInteractability: false, timeouts: {implicit: 0, pageLoad: 300000, script: 30000}, unhandledPromptBehavior: dismiss and notify, webauthn:extension:credBlob: true, webauthn:extension:largeBlob: true, webauthn:extension:minPinLength: true, webauthn:extension:prf: true, webauthn:virtualAuthenticators: true}
Session ID: 2e110600748ba697475fe3f568f4a39f
	at org.openqa.selenium.support.ui.WebDriverWait.timeoutException(WebDriverWait.java:84)
	at org.openqa.selenium.support.ui.FluentWait.until(FluentWait.java:230)
	at Serien.AbstractComponents.abstractReusable.waitForWebElementTOApper(abstractReusable.java:40)
	at Serien.SerienLive.LoginPage.ErrorMessage(LoginPage.java:83)
	at Serien.SerienLive.LoginPageTest.ValidatePasswordFieldWithoutEnteringThePasswordInThePasswordField(LoginPageTest.java:113)
	at java.base/jdk.internal.reflect.NativeMethodAccessorImpl.invoke0(Native Method)
	at java.base/jdk.internal.reflect.NativeMethodAccessorImpl.invoke(NativeMethodAccessorImpl.java:77)
	at java.base/jdk.internal.reflect.DelegatingMethodAccessorImpl.invoke(DelegatingMethodAccessorImpl.java:43)
	at java.base/java.lang.reflect.Method.invoke(Method.java:568)
	at org.testng.internal.MethodInvocationHelper.invokeMethod(MethodInvocationHelper.java:124)
	at org.testng.internal.Invoker.invokeMethod(Invoker.java:583)
	at org.testng.internal.Invoker.invokeTestMethod(Invoker.java:719)
	at org.testng.internal.Invoker.invokeTestMethods(Invoker.java:989)
	at org.testng.internal.TestMethodWorker.invokeTestMethods(TestMethodWorker.java:125)
	at org.testng.internal.TestMethodWorker.run(TestMethodWorker.java:109)
	at org.testng.TestRunner.privateRun(TestRunner.java:648)
	at org.testng.TestRunner.run(TestRunner.java:505)
	at org.testng.SuiteRunner.runTest(SuiteRunner.java:455)
	at org.testng.SuiteRunner.runSequentially(SuiteRunner.java:450)
	at org.testng.SuiteRunner.privateRun(SuiteRunner.java:415)
	at org.testng.SuiteRunner.run(SuiteRunner.java:364)
	at org.testng.SuiteRunnerWorker.runSuite(SuiteRunnerWorker.java:52)
	at org.testng.SuiteRunnerWorker.run(SuiteRunnerWorker.java:84)
	at org.testng.TestNG.runSuitesSequentially(TestNG.java:1208)
	at org.testng.TestNG.runSuitesLocally(TestNG.java:1137)
	at org.testng.TestNG.runSuites(TestNG.java:1049)
	at org.testng.TestNG.run(TestNG.java:1017)
	at org.testng.remote.AbstractRemoteTestNG.run(AbstractRemoteTestNG.java:115)
	at org.testng.remote.RemoteTestNG.initAndRun(RemoteTestNG.java:251)
	at org.testng.remote.RemoteTestNG.main(RemoteTestNG.java:77)
</pre></div></td>
<td>7</td>
<td>Serien.SerienLive.LoginPageTest@1e1d3956</td></tr>
<tr>
<td title='Serien.SerienLive.LoginPageTest.ValidateloginWithInvalidEmailCredentials()'><b>ValidateloginWithInvalidEmailCredentials</b><br>Test class: Serien.SerienLive.LoginPageTest<br>Parameters: {InvalideCredentionalErrorMessages=Enter valid Credentials, err=Inavlid Email, pass=123456, //////////=/////////////////dfgdfgndfgg, PageTitle=Serein's Inc – Culture and Compliance, capitalEmail=OMKAR@Krishworks.CoM, noDataInEmial=, LoginURL=https://sereindevweb.kdev.co.in/, invalidePass=abcd, valideEmail=omkar@krishworks.com, ValidePass=password, extraSpaceEmail=  omkar@krishworks.com  , invalideEmail=rockey@gmail.com, email=om1@gmail.com}</td>
<td><div><pre>java.lang.AssertionError: expected [true] but found [false]
	at Serien.SerienLive.LoginPageTest.ValidateloginWithInvalidEmailCredentials(LoginPageTest.java:87)
... Removed 29 stack frames</pre></div><a href='#' onClick='toggleBox("stack-trace614785733", this, "Click to show all stack frames", "Click to hide stack frames")'>Click to show all stack frames</a>
<div class='stack-trace' id='stack-trace614785733'><pre>java.lang.AssertionError: expected [true] but found [false]
	at org.testng.Assert.fail(Assert.java:96)
	at org.testng.Assert.failNotEquals(Assert.java:776)
	at org.testng.Assert.assertTrue(Assert.java:44)
	at org.testng.Assert.assertTrue(Assert.java:54)
	at Serien.SerienLive.LoginPageTest.ValidateloginWithInvalidEmailCredentials(LoginPageTest.java:87)
	at java.base/jdk.internal.reflect.NativeMethodAccessorImpl.invoke0(Native Method)
	at java.base/jdk.internal.reflect.NativeMethodAccessorImpl.invoke(NativeMethodAccessorImpl.java:77)
	at java.base/jdk.internal.reflect.DelegatingMethodAccessorImpl.invoke(DelegatingMethodAccessorImpl.java:43)
	at java.base/java.lang.reflect.Method.invoke(Method.java:568)
	at org.testng.internal.MethodInvocationHelper.invokeMethod(MethodInvocationHelper.java:124)
	at org.testng.internal.Invoker.invokeMethod(Invoker.java:583)
	at org.testng.internal.Invoker.invokeTestMethod(Invoker.java:719)
	at org.testng.internal.Invoker.invokeTestMethods(Invoker.java:989)
	at org.testng.internal.TestMethodWorker.invokeTestMethods(TestMethodWorker.java:125)
	at org.testng.internal.TestMethodWorker.run(TestMethodWorker.java:109)
	at org.testng.TestRunner.privateRun(TestRunner.java:648)
	at org.testng.TestRunner.run(TestRunner.java:505)
	at org.testng.SuiteRunner.runTest(SuiteRunner.java:455)
	at org.testng.SuiteRunner.runSequentially(SuiteRunner.java:450)
	at org.testng.SuiteRunner.privateRun(SuiteRunner.java:415)
	at org.testng.SuiteRunner.run(SuiteRunner.java:364)
	at org.testng.SuiteRunnerWorker.runSuite(SuiteRunnerWorker.java:52)
	at org.testng.SuiteRunnerWorker.run(SuiteRunnerWorker.java:84)
	at org.testng.TestNG.runSuitesSequentially(TestNG.java:1208)
	at org.testng.TestNG.runSuitesLocally(TestNG.java:1137)
	at org.testng.TestNG.runSuites(TestNG.java:1049)
	at org.testng.TestNG.run(TestNG.java:1017)
	at org.testng.remote.AbstractRemoteTestNG.run(AbstractRemoteTestNG.java:115)
	at org.testng.remote.RemoteTestNG.initAndRun(RemoteTestNG.java:251)
	at org.testng.remote.RemoteTestNG.main(RemoteTestNG.java:77)
</pre></div></td>
<td>2</td>
<td>Serien.SerienLive.LoginPageTest@1e1d3956</td></tr>
<tr>
<td title='Serien.SerienLive.LoginPageTest.ValidatingLoginWithBrowserBack()'><b>ValidatingLoginWithBrowserBack</b><br>Test class: Serien.SerienLive.LoginPageTest<br>Parameters: {InvalideCredentionalErrorMessages=Enter valid Credentials, err=Inavlid Email, pass=123456, //////////=/////////////////dfgdfgndfgg, PageTitle=Serein's Inc – Culture and Compliance, capitalEmail=OMKAR@Krishworks.CoM, noDataInEmial=, LoginURL=https://sereindevweb.kdev.co.in/, invalidePass=abcd, valideEmail=omkar@krishworks.com, ValidePass=password, extraSpaceEmail=  omkar@krishworks.com  , invalideEmail=rockey@gmail.com, email=om1@gmail.com}</td>
<td><div><pre>java.lang.AssertionError: expected [false] but found [true]
	at Serien.SerienLive.LoginPageTest.ValidatingLoginWithBrowserBack(LoginPageTest.java:128)
... Removed 29 stack frames</pre></div><a href='#' onClick='toggleBox("stack-trace1849372115", this, "Click to show all stack frames", "Click to hide stack frames")'>Click to show all stack frames</a>
<div class='stack-trace' id='stack-trace1849372115'><pre>java.lang.AssertionError: expected [false] but found [true]
	at org.testng.Assert.fail(Assert.java:96)
	at org.testng.Assert.failNotEquals(Assert.java:776)
	at org.testng.Assert.assertFalse(Assert.java:65)
	at org.testng.Assert.assertFalse(Assert.java:75)
	at Serien.SerienLive.LoginPageTest.ValidatingLoginWithBrowserBack(LoginPageTest.java:128)
	at java.base/jdk.internal.reflect.NativeMethodAccessorImpl.invoke0(Native Method)
	at java.base/jdk.internal.reflect.NativeMethodAccessorImpl.invoke(NativeMethodAccessorImpl.java:77)
	at java.base/jdk.internal.reflect.DelegatingMethodAccessorImpl.invoke(DelegatingMethodAccessorImpl.java:43)
	at java.base/java.lang.reflect.Method.invoke(Method.java:568)
	at org.testng.internal.MethodInvocationHelper.invokeMethod(MethodInvocationHelper.java:124)
	at org.testng.internal.Invoker.invokeMethod(Invoker.java:583)
	at org.testng.internal.Invoker.invokeTestMethod(Invoker.java:719)
	at org.testng.internal.Invoker.invokeTestMethods(Invoker.java:989)
	at org.testng.internal.TestMethodWorker.invokeTestMethods(TestMethodWorker.java:125)
	at org.testng.internal.TestMethodWorker.run(TestMethodWorker.java:109)
	at org.testng.TestRunner.privateRun(TestRunner.java:648)
	at org.testng.TestRunner.run(TestRunner.java:505)
	at org.testng.SuiteRunner.runTest(SuiteRunner.java:455)
	at org.testng.SuiteRunner.runSequentially(SuiteRunner.java:450)
	at org.testng.SuiteRunner.privateRun(SuiteRunner.java:415)
	at org.testng.SuiteRunner.run(SuiteRunner.java:364)
	at org.testng.SuiteRunnerWorker.runSuite(SuiteRunnerWorker.java:52)
	at org.testng.SuiteRunnerWorker.run(SuiteRunnerWorker.java:84)
	at org.testng.TestNG.runSuitesSequentially(TestNG.java:1208)
	at org.testng.TestNG.runSuitesLocally(TestNG.java:1137)
	at org.testng.TestNG.runSuites(TestNG.java:1049)
	at org.testng.TestNG.run(TestNG.java:1017)
	at org.testng.remote.AbstractRemoteTestNG.run(AbstractRemoteTestNG.java:115)
	at org.testng.remote.RemoteTestNG.initAndRun(RemoteTestNG.java:251)
	at org.testng.remote.RemoteTestNG.main(RemoteTestNG.java:77)
</pre></div></td>
<td>6</td>
<td>Serien.SerienLive.LoginPageTest@1e1d3956</td></tr>
</table><p>
<table width='100%' border='1' class='invocation-passed'>
<tr><td colspan='4' align='center'><b>PASSED TESTS</b></td></tr>
<tr><td><b>Test method</b></td>
<td width="30%"><b>Exception</b></td>
<td width="10%"><b>Time (seconds)</b></td>
<td><b>Instance</b></td>
</tr>
<tr>
<td title='Serien.SerienLive.LoginPageTest.InvalidespaceEmail()'><b>InvalidespaceEmail</b><br>Test class: Serien.SerienLive.LoginPageTest<br>Parameters: {InvalideCredentionalErrorMessages=Enter valid Credentials, err=Inavlid Email, pass=123456, //////////=/////////////////dfgdfgndfgg, PageTitle=Serein's Inc – Culture and Compliance, capitalEmail=OMKAR@Krishworks.CoM, noDataInEmial=, LoginURL=https://sereindevweb.kdev.co.in/, invalidePass=abcd, valideEmail=omkar@krishworks.com, ValidePass=password, extraSpaceEmail=  omkar@krishworks.com  , invalideEmail=rockey@gmail.com, email=om1@gmail.com}</td>
<td></td>
<td>4</td>
<td>Serien.SerienLive.LoginPageTest@1e1d3956</td></tr>
<tr>
<td title='Serien.SerienLive.LoginPageTest.NavigationToForgetPasswordPage()'><b>NavigationToForgetPasswordPage</b><br>Test class: Serien.SerienLive.LoginPageTest<br>Parameters: {fp URL=forgot password, err=Please enter your email, emailErr=Inavlid Email, Fp=Forgot password, sucessfullMsg=A password recovery link has been sent to your registered email id. Please check your spam folder if you do not see the email in your inbox., invalidEmail=Test@gmail.com}</td>
<td></td>
<td>2</td>
<td>Serien.SerienLive.LoginPageTest@1e1d3956</td></tr>
<tr>
<td title='Serien.SerienLive.LoginPageTest.ValidateEmailFieldByEnteringCapitalLaters()'><b>ValidateEmailFieldByEnteringCapitalLaters</b><br>Test class: Serien.SerienLive.LoginPageTest<br>Parameters: {InvalideCredentionalErrorMessages=Enter valid Credentials, err=Inavlid Email, pass=123456, //////////=/////////////////dfgdfgndfgg, PageTitle=Serein's Inc – Culture and Compliance, capitalEmail=OMKAR@Krishworks.CoM, noDataInEmial=, LoginURL=https://sereindevweb.kdev.co.in/, invalidePass=abcd, valideEmail=omkar@krishworks.com, ValidePass=password, extraSpaceEmail=  omkar@krishworks.com  , invalideEmail=rockey@gmail.com, email=om1@gmail.com}</td>
<td></td>
<td>4</td>
<td>Serien.SerienLive.LoginPageTest@1e1d3956</td></tr>
<tr>
<td title='Serien.SerienLive.LoginPageTest.ValidateLoginWithInvalidPasswordCredentials()'><b>ValidateLoginWithInvalidPasswordCredentials</b><br>Test class: Serien.SerienLive.LoginPageTest<br>Parameters: {InvalideCredentionalErrorMessages=Enter valid Credentials, err=Inavlid Email, pass=123456, //////////=/////////////////dfgdfgndfgg, PageTitle=Serein's Inc – Culture and Compliance, capitalEmail=OMKAR@Krishworks.CoM, noDataInEmial=, LoginURL=https://sereindevweb.kdev.co.in/, invalidePass=abcd, valideEmail=omkar@krishworks.com, ValidePass=password, extraSpaceEmail=  omkar@krishworks.com  , invalideEmail=rockey@gmail.com, email=om1@gmail.com}</td>
<td></td>
<td>3</td>
<td>Serien.SerienLive.LoginPageTest@1e1d3956</td></tr>
<tr>
<td title='Serien.SerienLive.LoginPageTest.ValidatingThePageTitleAndURL()'><b>ValidatingThePageTitleAndURL</b><br>Test class: Serien.SerienLive.LoginPageTest<br>Parameters: {InvalideCredentionalErrorMessages=Enter valid Credentials, err=Inavlid Email, pass=123456, //////////=/////////////////dfgdfgndfgg, PageTitle=Serein's Inc – Culture and Compliance, capitalEmail=OMKAR@Krishworks.CoM, noDataInEmial=, LoginURL=https://sereindevweb.kdev.co.in/, invalidePass=abcd, valideEmail=omkar@krishworks.com, ValidePass=password, extraSpaceEmail=  omkar@krishworks.com  , invalideEmail=rockey@gmail.com, email=om1@gmail.com}</td>
<td></td>
<td>0</td>
<td>Serien.SerienLive.LoginPageTest@1e1d3956</td></tr>
<tr>
<td title='Serien.SerienLive.LoginPageTest.ValidationOfErrorMessageInForgetPasswordPage()'><b>ValidationOfErrorMessageInForgetPasswordPage</b><br>Test class: Serien.SerienLive.LoginPageTest<br>Parameters: {fp URL=forgot password, err=Please enter your email, emailErr=Inavlid Email, Fp=Forgot password, sucessfullMsg=A password recovery link has been sent to your registered email id. Please check your spam folder if you do not see the email in your inbox., invalidEmail=Test@gmail.com}</td>
<td></td>
<td>2</td>
<td>Serien.SerienLive.LoginPageTest@1e1d3956</td></tr>
<tr>
<td title='Serien.SerienLive.LoginPageTest.ValidationOfErrorMessageInvalidEmailInForgetPasswordPage()'><b>ValidationOfErrorMessageInvalidEmailInForgetPasswordPage</b><br>Test class: Serien.SerienLive.LoginPageTest<br>Parameters: {fp URL=forgot password, err=Please enter your email, emailErr=Inavlid Email, Fp=Forgot password, sucessfullMsg=A password recovery link has been sent to your registered email id. Please check your spam folder if you do not see the email in your inbox., invalidEmail=Test@gmail.com}</td>
<td></td>
<td>3</td>
<td>Serien.SerienLive.LoginPageTest@1e1d3956</td></tr>
<tr>
<td title='Serien.SerienLive.LoginPageTest.ValidationOfSetPasswordLinkSendSucessfully()'><b>ValidationOfSetPasswordLinkSendSucessfully</b><br>Test class: Serien.SerienLive.LoginPageTest<br>Parameters: {fp URL=forgot password, err=Please enter your email, emailErr=Inavlid Email, Fp=Forgot password, sucessfullMsg=A password recovery link has been sent to your registered email id. Please check your spam folder if you do not see the email in your inbox., invalidEmail=Test@gmail.com}</td>
<td></td>
<td>3</td>
<td>Serien.SerienLive.LoginPageTest@1e1d3956</td></tr>
<tr>
<td title='Serien.SerienLive.LoginPageTest.vaildeCredentional()'><b>vaildeCredentional</b><br>Test class: Serien.SerienLive.LoginPageTest<br>Parameters: {InvalideCredentionalErrorMessages=Enter valid Credentials, err=Inavlid Email, pass=123456, //////////=/////////////////dfgdfgndfgg, PageTitle=Serein's Inc – Culture and Compliance, capitalEmail=OMKAR@Krishworks.CoM, noDataInEmial=, LoginURL=https://sereindevweb.kdev.co.in/, invalidePass=abcd, valideEmail=omkar@krishworks.com, ValidePass=password, extraSpaceEmail=  omkar@krishworks.com  , invalideEmail=rockey@gmail.com, email=om1@gmail.com}</td>
<td></td>
<td>5</td>
<td>Serien.SerienLive.LoginPageTest@1e1d3956</td></tr>
</table><p>
</body>
</html>