<?xml version="1.0" encoding="UTF-8"?>
<!-- Generated by org.testng.reporters.JUnitXMLReporter -->
<testsuite ignored="0" hostname="kwsys4-HP-250-G8-Notebook-PC" failures="5" tests="14" name="Test0" time="88.469" errors="0" timestamp="01 Feb 2024 09:52:05 GMT">
  <testcase classname="Serien.SerienLive.LoginPageTest" name="ValidateInEmailAndPasswordInvalideCredentials" time="3.002">
    <failure type="java.lang.AssertionError" message="expected [true] but found [false]">
      <![CDATA[java.lang.AssertionError: expected [true] but found [false]
at Serien.SerienLive.LoginPageTest.ValidateInEmailAndPasswordInvalideCredentials(LoginPageTest.java:41)
... Removed 29 stack frames]]>
    </failure>
  </testcase> <!-- ValidateInEmailAndPasswordInvalideCredentials -->
  <testcase classname="Serien.SerienLive.LoginPageTest" name="vaildeCredentional" time="5.092"/>
  <testcase classname="Serien.SerienLive.LoginPageTest" name="InvalidespaceEmail" time="4.544"/>
  <testcase classname="Serien.SerienLive.LoginPageTest" name="ValidateEmailFieldByEnteringCapitalLaters" time="4.73"/>
  <testcase classname="Serien.SerienLive.LoginPageTest" name="ValidateloginWithInvalidEmailCredentials" time="2.885">
    <failure type="java.lang.AssertionError" message="expected [true] but found [false]">
      <![CDATA[java.lang.AssertionError: expected [true] but found [false]
at Serien.SerienLive.LoginPageTest.ValidateloginWithInvalidEmailCredentials(LoginPageTest.java:87)
... Removed 29 stack frames]]>
    </failure>
  </testcase> <!-- ValidateloginWithInvalidEmailCredentials -->
  <testcase classname="Serien.SerienLive.LoginPageTest" name="ValidateLoginWithInvalidPasswordCredentials" time="3.028"/>
  <testcase classname="Serien.SerienLive.LoginPageTest" name="ValidateEmailFieldWithoutAddingAnyDataIntoInEmailTextFiled" time="7.754">
    <failure type="org.openqa.selenium.TimeoutException" message="Expected condition failed: waiting for visibility of [[ChromeDriver: chrome on linux (65778dc4c54fdd6fcc775fe76ba94f17)] -&amp;gt; xpath: //div/span[1]] (tried for 5 second(s) with 500 milliseconds interval)
Build info: version: &amp;apos;4.10.0&amp;apos;, revision: &amp;apos;c14d967899&amp;apos;
System info: os.name: &amp;apos;Linux&amp;apos;, os.arch: &amp;apos;amd64&amp;apos;, os.version: &amp;apos;6.2.0-36-generic&amp;apos;, java.version: &amp;apos;17.0.6&amp;apos;
Driver info: org.openqa.selenium.chrome.ChromeDriver
Capabilities {acceptInsecureCerts: false, browserName: chrome, browserVersion: 119.0.6045.105, chrome: {chromedriverVersion: 119.0.6045.105 (38c72552c5e..., userDataDir: /tmp/.org.chromium.Chromium...}, fedcm:accounts: true, goog:chromeOptions: {debuggerAddress: localhost:42349}, networkConnectionEnabled: false, pageLoadStrategy: normal, platformName: linux, proxy: Proxy(), se:cdp: ws://localhost:42349/devtoo..., se:cdpVersion: 119.0.6045.105, setWindowRect: true, strictFileInteractability: false, timeouts: {implicit: 0, pageLoad: 300000, script: 30000}, unhandledPromptBehavior: dismiss and notify, webauthn:extension:credBlob: true, webauthn:extension:largeBlob: true, webauthn:extension:minPinLength: true, webauthn:extension:prf: true, webauthn:virtualAuthenticators: true}
Session ID: 65778dc4c54fdd6fcc775fe76ba94f17">
      <![CDATA[org.openqa.selenium.TimeoutException: Expected condition failed: waiting for visibility of [[ChromeDriver: chrome on linux (65778dc4c54fdd6fcc775fe76ba94f17)] -> xpath: //div/span[1]] (tried for 5 second(s) with 500 milliseconds interval)
Build info: version: '4.10.0', revision: 'c14d967899'
System info: os.name: 'Linux', os.arch: 'amd64', os.version: '6.2.0-36-generic', java.version: '17.0.6'
Driver info: org.openqa.selenium.chrome.ChromeDriver
Capabilities {acceptInsecureCerts: false, browserName: chrome, browserVersion: 119.0.6045.105, chrome: {chromedriverVersion: 119.0.6045.105 (38c72552c5e..., userDataDir: /tmp/.org.chromium.Chromium...}, fedcm:accounts: true, goog:chromeOptions: {debuggerAddress: localhost:42349}, networkConnectionEnabled: false, pageLoadStrategy: normal, platformName: linux, proxy: Proxy(), se:cdp: ws://localhost:42349/devtoo..., se:cdpVersion: 119.0.6045.105, setWindowRect: true, strictFileInteractability: false, timeouts: {implicit: 0, pageLoad: 300000, script: 30000}, unhandledPromptBehavior: dismiss and notify, webauthn:extension:credBlob: true, webauthn:extension:largeBlob: true, webauthn:extension:minPinLength: true, webauthn:extension:prf: true, webauthn:virtualAuthenticators: true}
Session ID: 65778dc4c54fdd6fcc775fe76ba94f17
at org.openqa.selenium.support.ui.WebDriverWait.timeoutException(WebDriverWait.java:84)
at org.openqa.selenium.support.ui.FluentWait.until(FluentWait.java:230)
at Serien.AbstractComponents.abstractReusable.waitForWebElementTOApper(abstractReusable.java:40)
at Serien.SerienLive.LoginPage.ErrorMessage(LoginPage.java:83)
at Serien.SerienLive.LoginPageTest.ValidateEmailFieldWithoutAddingAnyDataIntoInEmailTextFiled(LoginPageTest.java:104)
... Removed 25 stack frames]]>
    </failure>
  </testcase> <!-- ValidateEmailFieldWithoutAddingAnyDataIntoInEmailTextFiled -->
  <testcase classname="Serien.SerienLive.LoginPageTest" name="ValidatePasswordFieldWithoutEnteringThePasswordInThePasswordField" time="7.626">
    <failure type="org.openqa.selenium.TimeoutException" message="Expected condition failed: waiting for visibility of [[ChromeDriver: chrome on linux (2e110600748ba697475fe3f568f4a39f)] -&amp;gt; xpath: //div/span[1]] (tried for 5 second(s) with 500 milliseconds interval)
Build info: version: &amp;apos;4.10.0&amp;apos;, revision: &amp;apos;c14d967899&amp;apos;
System info: os.name: &amp;apos;Linux&amp;apos;, os.arch: &amp;apos;amd64&amp;apos;, os.version: &amp;apos;6.2.0-36-generic&amp;apos;, java.version: &amp;apos;17.0.6&amp;apos;
Driver info: org.openqa.selenium.chrome.ChromeDriver
Capabilities {acceptInsecureCerts: false, browserName: chrome, browserVersion: 119.0.6045.105, chrome: {chromedriverVersion: 119.0.6045.105 (38c72552c5e..., userDataDir: /tmp/.org.chromium.Chromium...}, fedcm:accounts: true, goog:chromeOptions: {debuggerAddress: localhost:34465}, networkConnectionEnabled: false, pageLoadStrategy: normal, platformName: linux, proxy: Proxy(), se:cdp: ws://localhost:34465/devtoo..., se:cdpVersion: 119.0.6045.105, setWindowRect: true, strictFileInteractability: false, timeouts: {implicit: 0, pageLoad: 300000, script: 30000}, unhandledPromptBehavior: dismiss and notify, webauthn:extension:credBlob: true, webauthn:extension:largeBlob: true, webauthn:extension:minPinLength: true, webauthn:extension:prf: true, webauthn:virtualAuthenticators: true}
Session ID: 2e110600748ba697475fe3f568f4a39f">
      <![CDATA[org.openqa.selenium.TimeoutException: Expected condition failed: waiting for visibility of [[ChromeDriver: chrome on linux (2e110600748ba697475fe3f568f4a39f)] -> xpath: //div/span[1]] (tried for 5 second(s) with 500 milliseconds interval)
Build info: version: '4.10.0', revision: 'c14d967899'
System info: os.name: 'Linux', os.arch: 'amd64', os.version: '6.2.0-36-generic', java.version: '17.0.6'
Driver info: org.openqa.selenium.chrome.ChromeDriver
Capabilities {acceptInsecureCerts: false, browserName: chrome, browserVersion: 119.0.6045.105, chrome: {chromedriverVersion: 119.0.6045.105 (38c72552c5e..., userDataDir: /tmp/.org.chromium.Chromium...}, fedcm:accounts: true, goog:chromeOptions: {debuggerAddress: localhost:34465}, networkConnectionEnabled: false, pageLoadStrategy: normal, platformName: linux, proxy: Proxy(), se:cdp: ws://localhost:34465/devtoo..., se:cdpVersion: 119.0.6045.105, setWindowRect: true, strictFileInteractability: false, timeouts: {implicit: 0, pageLoad: 300000, script: 30000}, unhandledPromptBehavior: dismiss and notify, webauthn:extension:credBlob: true, webauthn:extension:largeBlob: true, webauthn:extension:minPinLength: true, webauthn:extension:prf: true, webauthn:virtualAuthenticators: true}
Session ID: 2e110600748ba697475fe3f568f4a39f
at org.openqa.selenium.support.ui.WebDriverWait.timeoutException(WebDriverWait.java:84)
at org.openqa.selenium.support.ui.FluentWait.until(FluentWait.java:230)
at Serien.AbstractComponents.abstractReusable.waitForWebElementTOApper(abstractReusable.java:40)
at Serien.SerienLive.LoginPage.ErrorMessage(LoginPage.java:83)
at Serien.SerienLive.LoginPageTest.ValidatePasswordFieldWithoutEnteringThePasswordInThePasswordField(LoginPageTest.java:113)
... Removed 25 stack frames]]>
    </failure>
  </testcase> <!-- ValidatePasswordFieldWithoutEnteringThePasswordInThePasswordField -->
  <testcase classname="Serien.SerienLive.LoginPageTest" name="ValidatingLoginWithBrowserBack" time="6.668">
    <failure type="java.lang.AssertionError" message="expected [false] but found [true]">
      <![CDATA[java.lang.AssertionError: expected [false] but found [true]
at Serien.SerienLive.LoginPageTest.ValidatingLoginWithBrowserBack(LoginPageTest.java:128)
... Removed 29 stack frames]]>
    </failure>
  </testcase> <!-- ValidatingLoginWithBrowserBack -->
  <testcase classname="Serien.SerienLive.LoginPageTest" name="ValidatingThePageTitleAndURL" time="0.016"/>
  <testcase classname="Serien.SerienLive.LoginPageTest" name="NavigationToForgetPasswordPage" time="2.118"/>
  <testcase classname="Serien.SerienLive.LoginPageTest" name="ValidationOfErrorMessageInForgetPasswordPage" time="2.17"/>
  <testcase classname="Serien.SerienLive.LoginPageTest" name="ValidationOfErrorMessageInvalidEmailInForgetPasswordPage" time="3.279"/>
  <testcase classname="Serien.SerienLive.LoginPageTest" name="ValidationOfSetPasswordLinkSendSucessfully" time="3.308"/>
</testsuite> <!-- Test0 -->
