<?xml version="1.0" encoding="UTF-8"?>
<!-- Generated by org.testng.reporters.JUnitReportReporter -->
<testsuite hostname="kwsys4-HP-250-G8-Notebook-PC" failures="0" tests="15" name="Serien.SerienLive.LoginPageTest" time="1.047" errors="1" timestamp="15 Mar 2024 09:16:15 GMT" skipped="14">
  <testcase classname="Serien.SerienLive.LoginPageTest" name="launchApplication" time="1.047">
    <error message="Could not start a new session. Response code 500. Message: session not created: Chrome failed to start: exited normally.
  (session not created: DevToolsActivePort file doesn&#039;t exist)
  (The process started from chrome location /opt/google/chrome/chrome is no longer running, so ChromeDriver is assuming that Chrome has crashed.) 
Host info: host: &#039;kwsys4-HP-250-G8-Notebook-PC&#039;, ip: &#039;127.0.1.1&#039;
Build info: version: &#039;4.10.0&#039;, revision: &#039;c14d967899&#039;
System info: os.name: &#039;Linux&#039;, os.arch: &#039;amd64&#039;, os.version: &#039;6.2.0-36-generic&#039;, java.version: &#039;11.0.20.1&#039;
Driver info: org.openqa.selenium.chrome.ChromeDriver
Command: [null, newSession {capabilities=[Capabilities {browserName: chrome, goog:chromeOptions: {args: [--remote-allow-origins=*, --disable-dev-shm-usage, --ignore-ssl-errors=yes, --ignore-certificate-errors, --start-maximized], extensions: []}}]}]" type="org.openqa.selenium.SessionNotCreatedException">
      <![CDATA[org.openqa.selenium.SessionNotCreatedException: Could not start a new session. Response code 500. Message: session not created: Chrome failed to start: exited normally.
  (session not created: DevToolsActivePort file doesn't exist)
  (The process started from chrome location /opt/google/chrome/chrome is no longer running, so ChromeDriver is assuming that Chrome has crashed.) 
Host info: host: 'kwsys4-HP-250-G8-Notebook-PC', ip: '127.0.1.1'
Build info: version: '4.10.0', revision: 'c14d967899'
System info: os.name: 'Linux', os.arch: 'amd64', os.version: '6.2.0-36-generic', java.version: '11.0.20.1'
Driver info: org.openqa.selenium.chrome.ChromeDriver
Command: [null, newSession {capabilities=[Capabilities {browserName: chrome, goog:chromeOptions: {args: [--remote-allow-origins=*, --disable-dev-shm-usage, --ignore-ssl-errors=yes, --ignore-certificate-errors, --start-maximized], extensions: []}}]}]
at org.openqa.selenium.remote.ProtocolHandshake.createSession(ProtocolHandshake.java:140)
at org.openqa.selenium.remote.ProtocolHandshake.createSession(ProtocolHandshake.java:96)
at org.openqa.selenium.remote.ProtocolHandshake.createSession(ProtocolHandshake.java:68)
at org.openqa.selenium.remote.HttpCommandExecutor.execute(HttpCommandExecutor.java:163)
at org.openqa.selenium.remote.service.DriverCommandExecutor.invokeExecute(DriverCommandExecutor.java:196)
at org.openqa.selenium.remote.service.DriverCommandExecutor.execute(DriverCommandExecutor.java:171)
at org.openqa.selenium.remote.RemoteWebDriver.execute(RemoteWebDriver.java:531)
at org.openqa.selenium.remote.RemoteWebDriver.startSession(RemoteWebDriver.java:227)
at org.openqa.selenium.remote.RemoteWebDriver.<init>(RemoteWebDriver.java:154)
at org.openqa.selenium.chromium.ChromiumDriver.<init>(ChromiumDriver.java:107)
at org.openqa.selenium.chrome.ChromeDriver.<init>(ChromeDriver.java:87)
at org.openqa.selenium.chrome.ChromeDriver.<init>(ChromeDriver.java:82)
at org.openqa.selenium.chrome.ChromeDriver.<init>(ChromeDriver.java:71)
at serien.TestComponents.BaseTest.initializeDriver(BaseTest.java:70)
at serien.TestComponents.BaseTest.launchApplication(BaseTest.java:123)
at java.base/jdk.internal.reflect.NativeMethodAccessorImpl.invoke0(Native Method)
at java.base/jdk.internal.reflect.NativeMethodAccessorImpl.invoke(NativeMethodAccessorImpl.java:62)
at java.base/jdk.internal.reflect.DelegatingMethodAccessorImpl.invoke(DelegatingMethodAccessorImpl.java:43)
at java.base/java.lang.reflect.Method.invoke(Method.java:566)
at org.testng.internal.MethodInvocationHelper.invokeMethod(MethodInvocationHelper.java:124)
at org.testng.internal.MethodInvocationHelper.invokeMethodConsideringTimeout(MethodInvocationHelper.java:59)
at org.testng.internal.Invoker.invokeConfigurationMethod(Invoker.java:458)
at org.testng.internal.Invoker.invokeConfigurations(Invoker.java:222)
at org.testng.internal.Invoker.invokeMethod(Invoker.java:523)
at org.testng.internal.Invoker.invokeTestMethod(Invoker.java:719)
at org.testng.internal.Invoker.invokeTestMethods(Invoker.java:989)
at org.testng.internal.TestMethodWorker.invokeTestMethods(TestMethodWorker.java:125)
at org.testng.internal.TestMethodWorker.run(TestMethodWorker.java:109)
at org.testng.TestRunner.privateRun(TestRunner.java:648)
at org.testng.TestRunner.run(TestRunner.java:505)
at org.testng.SuiteRunner.runTest(SuiteRunner.java:455)
at org.testng.SuiteRunner.runSequentially(SuiteRunner.java:450)
at org.testng.SuiteRunner.privateRun(SuiteRunner.java:415)
at org.testng.SuiteRunner.run(SuiteRunner.java:364)
at org.testng.SuiteRunnerWorker.runSuite(SuiteRunnerWorker.java:52)
at org.testng.SuiteRunnerWorker.run(SuiteRunnerWorker.java:84)
at org.testng.TestNG.runSuitesSequentially(TestNG.java:1208)
at org.testng.TestNG.runSuitesLocally(TestNG.java:1137)
at org.testng.TestNG.runSuites(TestNG.java:1049)
at org.testng.TestNG.run(TestNG.java:1017)
at org.apache.maven.surefire.testng.TestNGExecutor.run(TestNGExecutor.java:308)
at org.apache.maven.surefire.testng.TestNGXmlTestSuite.execute(TestNGXmlTestSuite.java:71)
at org.apache.maven.surefire.testng.TestNGProvider.invoke(TestNGProvider.java:113)
at org.apache.maven.surefire.booter.ForkedBooter.runSuitesInProcess(ForkedBooter.java:385)
at org.apache.maven.surefire.booter.ForkedBooter.execute(ForkedBooter.java:162)
at org.apache.maven.surefire.booter.ForkedBooter.run(ForkedBooter.java:507)
at org.apache.maven.surefire.booter.ForkedBooter.main(ForkedBooter.java:495)
]]>
    </error>
  </testcase> <!-- launchApplication -->
  <testcase classname="Serien.SerienLive.LoginPageTest" name="ValidateInEmailAndPasswordInvalideCredentials" time="0.000">
    <skipped/>
  </testcase> <!-- ValidateInEmailAndPasswordInvalideCredentials -->
  <testcase classname="Serien.SerienLive.LoginPageTest" name="vaildeCredentional" time="0.000">
    <skipped/>
  </testcase> <!-- vaildeCredentional -->
  <testcase classname="Serien.SerienLive.LoginPageTest" name="InvalidespaceEmail" time="0.000">
    <skipped/>
  </testcase> <!-- InvalidespaceEmail -->
  <testcase classname="Serien.SerienLive.LoginPageTest" name="ValidateEmailFieldByEnteringCapitalLaters" time="0.000">
    <skipped/>
  </testcase> <!-- ValidateEmailFieldByEnteringCapitalLaters -->
  <testcase classname="Serien.SerienLive.LoginPageTest" name="ValidateloginWithInvalidEmailCredentials" time="0.000">
    <skipped/>
  </testcase> <!-- ValidateloginWithInvalidEmailCredentials -->
  <testcase classname="Serien.SerienLive.LoginPageTest" name="ValidateLoginWithInvalidPasswordCredentials" time="0.000">
    <skipped/>
  </testcase> <!-- ValidateLoginWithInvalidPasswordCredentials -->
  <testcase classname="Serien.SerienLive.LoginPageTest" name="ValidateEmailFieldWithoutAddingAnyDataIntoInEmailTextFiled" time="0.000">
    <skipped/>
  </testcase> <!-- ValidateEmailFieldWithoutAddingAnyDataIntoInEmailTextFiled -->
  <testcase classname="Serien.SerienLive.LoginPageTest" name="ValidatePasswordFieldWithoutEnteringThePasswordInThePasswordField" time="0.000">
    <skipped/>
  </testcase> <!-- ValidatePasswordFieldWithoutEnteringThePasswordInThePasswordField -->
  <testcase classname="Serien.SerienLive.LoginPageTest" name="ValidatingLoginWithBrowserBack" time="0.000">
    <skipped/>
  </testcase> <!-- ValidatingLoginWithBrowserBack -->
  <testcase classname="Serien.SerienLive.LoginPageTest" name="ValidatingThePageTitleAndURL" time="0.000">
    <skipped/>
  </testcase> <!-- ValidatingThePageTitleAndURL -->
  <testcase classname="Serien.SerienLive.LoginPageTest" name="NavigationToForgetPasswordPage" time="0.000">
    <skipped/>
  </testcase> <!-- NavigationToForgetPasswordPage -->
  <testcase classname="Serien.SerienLive.LoginPageTest" name="ValidationOfErrorMessageInForgetPasswordPage" time="0.000">
    <skipped/>
  </testcase> <!-- ValidationOfErrorMessageInForgetPasswordPage -->
  <testcase classname="Serien.SerienLive.LoginPageTest" name="ValidationOfErrorMessageInvalidEmailInForgetPasswordPage" time="0.000">
    <skipped/>
  </testcase> <!-- ValidationOfErrorMessageInvalidEmailInForgetPasswordPage -->
  <testcase classname="Serien.SerienLive.LoginPageTest" name="ValidationOfSetPasswordLinkSendSucessfully" time="0.000">
    <skipped/>
  </testcase> <!-- ValidationOfSetPasswordLinkSendSucessfully -->
</testsuite> <!-- Serien.SerienLive.LoginPageTest -->
